TN:
SF:src/modules/appointments/services/CreateAppointmentService.ts
FN:14,CreateAppointmentService
FN:19,Object.<anonymous>.CreateAppointmentService.execute
FNF:2
FNH:2
FNDA:2,CreateAppointmentService
FNDA:3,Object.<anonymous>.CreateAppointmentService.execute
DA:1,1
DA:2,1
DA:3,1
DA:4,1
DA:5,1
DA:6,1
DA:7,1
DA:8,1
DA:9,1
DA:10,1
DA:11,1
DA:12,1
DA:13,1
DA:14,1
DA:15,2
DA:16,2
DA:17,2
DA:18,1
DA:19,1
DA:20,3
DA:21,3
DA:22,3
DA:23,3
DA:24,3
DA:25,3
DA:26,3
DA:27,3
DA:28,3
DA:29,3
DA:30,1
DA:31,1
DA:32,2
DA:33,2
DA:34,2
DA:35,2
DA:36,2
DA:37,3
DA:38,3
DA:39,3
DA:40,1
DA:41,1
DA:42,1
LF:42
LH:42
BRDA:13,0,0,1
BRDA:14,1,0,2
BRDA:19,2,0,3
BRDA:29,3,0,1
BRDA:32,4,0,2
BRF:5
BRH:5
end_of_record
TN:
SF:src/modules/users/services/AuthenticateUserService.ts
FN:20,AuthenticateUserService
FN:25,Object.<anonymous>.AuthenticateUserService.execute
FNF:2
FNH:2
FNDA:3,AuthenticateUserService
FNDA:3,Object.<anonymous>.AuthenticateUserService.execute
DA:1,1
DA:2,1
DA:3,1
DA:4,1
DA:5,1
DA:6,1
DA:7,1
DA:8,1
DA:9,1
DA:10,1
DA:11,1
DA:12,1
DA:13,1
DA:14,1
DA:15,1
DA:16,1
DA:17,1
DA:18,1
DA:19,1
DA:20,1
DA:21,3
DA:22,3
DA:23,1
DA:24,1
DA:25,1
DA:26,3
DA:27,3
DA:28,3
DA:29,1
DA:30,1
DA:31,2
DA:32,2
DA:33,2
DA:34,2
DA:35,2
DA:36,3
DA:37,3
DA:38,1
DA:39,1
DA:40,1
DA:41,1
DA:42,1
DA:43,1
DA:44,1
DA:45,1
DA:46,1
DA:47,3
DA:48,1
DA:49,1
DA:50,1
LF:50
LH:50
BRDA:19,0,0,1
BRDA:20,1,0,3
BRDA:25,2,0,3
BRDA:26,3,0,3
BRDA:28,4,0,1
BRDA:31,5,0,2
BRDA:37,6,0,1
BRF:7
BRH:7
end_of_record
TN:
SF:src/modules/users/services/CreateUserService.ts
FN:14,CreateUserService
FN:21,Object.<anonymous>.CreateUserService.execute
FNF:2
FNH:2
FNDA:4,CreateUserService
FNDA:5,Object.<anonymous>.CreateUserService.execute
DA:1,1
DA:2,1
DA:3,1
DA:4,1
DA:5,1
DA:6,1
DA:7,1
DA:8,1
DA:9,1
DA:10,1
DA:11,1
DA:12,1
DA:13,2
DA:14,2
DA:15,4
DA:16,4
DA:17,4
DA:18,4
DA:19,4
DA:20,2
DA:21,2
DA:22,5
DA:23,5
DA:24,5
DA:25,1
DA:26,1
DA:27,4
DA:28,4
DA:29,5
DA:30,5
DA:31,5
DA:32,5
DA:33,5
DA:34,5
DA:35,5
DA:36,5
DA:37,2
DA:38,1
DA:39,1
LF:39
LH:39
BRDA:13,0,0,2
BRDA:14,1,0,4
BRDA:21,2,0,5
BRDA:22,3,0,5
BRDA:24,4,0,1
BRDA:27,5,0,4
BRF:6
BRH:6
end_of_record
TN:
SF:src/modules/users/services/ResetPasswordService.ts
FN:17,ResetPasswordService
FN:28,Object.<anonymous>.ResetPasswordService.execute
FNF:2
FNH:2
FNDA:4,ResetPasswordService
FNDA:4,Object.<anonymous>.ResetPasswordService.execute
DA:1,1
DA:2,1
DA:3,1
DA:4,1
DA:5,1
DA:6,1
DA:7,1
DA:8,1
DA:9,1
DA:10,1
DA:11,1
DA:12,1
DA:13,1
DA:14,1
DA:15,1
DA:16,1
DA:17,1
DA:18,4
DA:19,4
DA:20,4
DA:21,4
DA:22,4
DA:23,4
DA:24,4
DA:25,4
DA:26,1
DA:27,1
DA:28,1
DA:29,4
DA:30,4
DA:31,4
DA:32,1
DA:33,1
DA:34,3
DA:35,3
DA:36,4
DA:37,4
DA:38,1
DA:39,1
DA:40,2
DA:41,2
DA:42,2
DA:43,2
DA:44,4
DA:45,1
DA:46,1
DA:47,1
DA:48,4
DA:49,4
DA:50,4
DA:51,1
DA:52,1
DA:53,1
LF:53
LH:53
BRDA:16,0,0,1
BRDA:17,1,0,4
BRDA:28,2,0,4
BRDA:29,3,0,4
BRDA:31,4,0,1
BRDA:34,5,0,3
BRDA:37,6,0,1
BRDA:40,7,0,2
BRDA:44,8,0,1
BRF:9
BRH:9
end_of_record
TN:
SF:src/modules/users/services/SendForgotPasswordEmailService.ts
FN:13,sendForgotPasswordEmailService
FN:25,Object.<anonymous>.sendForgotPasswordEmailService.execute
FNF:2
FNH:2
FNDA:3,sendForgotPasswordEmailService
FNDA:3,Object.<anonymous>.sendForgotPasswordEmailService.execute
DA:1,1
DA:2,1
DA:3,1
DA:4,1
DA:5,1
DA:6,1
DA:7,1
DA:8,1
DA:9,1
DA:10,1
DA:11,1
DA:12,1
DA:13,1
DA:14,3
DA:15,3
DA:16,3
DA:17,3
DA:18,3
DA:19,3
DA:20,3
DA:21,3
DA:22,1
DA:23,1
DA:24,1
DA:25,1
DA:26,3
DA:27,3
DA:28,3
DA:29,1
DA:30,1
DA:31,2
DA:32,3
DA:33,3
DA:34,3
DA:35,3
DA:36,3
DA:37,3
DA:38,3
DA:39,3
DA:40,3
DA:41,3
DA:42,3
DA:43,3
DA:44,3
DA:45,3
DA:46,3
DA:47,3
DA:48,1
DA:49,1
DA:50,1
LF:50
LH:50
BRDA:12,0,0,1
BRDA:13,1,0,3
BRDA:25,2,0,3
BRDA:26,3,0,3
BRDA:28,4,0,1
BRDA:31,5,0,2
BRF:6
BRH:6
end_of_record
TN:
SF:src/modules/users/services/UpdateUserAvatarService.ts
FN:15,UpdateUserAvatarService
FN:20,Object.<anonymous>.UpdateUserAvatarService.execute
FNF:2
FNH:2
FNDA:3,UpdateUserAvatarService
FNDA:4,Object.<anonymous>.UpdateUserAvatarService.execute
DA:1,1
DA:2,1
DA:3,1
DA:4,1
DA:5,1
DA:6,1
DA:7,1
DA:8,1
DA:9,1
DA:10,1
DA:11,1
DA:12,1
DA:13,1
DA:14,1
DA:15,1
DA:16,3
DA:17,3
DA:18,1
DA:19,1
DA:20,1
DA:21,4
DA:22,4
DA:23,4
DA:24,1
DA:25,1
DA:26,1
DA:27,1
DA:28,1
DA:29,3
DA:30,3
DA:31,1
DA:32,4
DA:33,4
DA:34,4
DA:35,4
DA:36,4
DA:37,4
DA:38,4
DA:39,4
DA:40,4
DA:41,1
DA:42,1
DA:43,1
LF:43
LH:43
BRDA:14,0,0,1
BRDA:15,1,0,3
BRDA:20,2,0,4
BRDA:21,3,0,4
BRDA:23,4,0,1
BRDA:29,5,0,3
BRDA:30,6,0,2
BRDA:30,7,0,1
BRDA:33,8,0,3
BRF:9
BRH:9
end_of_record
