TN:
SF:src/modules/appointments/services/CreateAppointmentService.ts
FN:16,CreateAppointmentService
FN:21,Object.<anonymous>.CreateAppointmentService.execute
FNF:2
FNH:2
FNDA:5,CreateAppointmentService
FNDA:7,Object.<anonymous>.CreateAppointmentService.execute
DA:1,1
DA:2,1
DA:3,1
DA:4,1
DA:5,1
DA:6,1
DA:7,1
DA:8,1
DA:9,1
DA:10,1
DA:11,1
DA:12,1
DA:13,1
DA:14,1
DA:15,1
DA:16,1
DA:17,5
DA:18,5
DA:19,5
DA:20,1
DA:21,1
DA:22,7
DA:23,7
DA:24,7
DA:25,7
DA:26,7
DA:27,7
DA:28,7
DA:29,7
DA:30,1
DA:31,1
DA:32,1
DA:33,1
DA:34,1
DA:35,6
DA:36,7
DA:37,1
DA:38,1
DA:39,1
DA:40,1
DA:41,5
DA:42,7
DA:43,2
DA:44,2
DA:45,2
DA:46,2
DA:47,3
DA:48,3
DA:49,3
DA:50,3
DA:51,7
DA:52,7
DA:53,1
DA:54,1
DA:55,2
DA:56,2
DA:57,2
DA:58,2
DA:59,2
DA:60,2
DA:61,7
DA:62,7
DA:63,7
DA:64,1
DA:65,1
DA:66,1
LF:66
LH:66
BRDA:15,0,0,1
BRDA:16,1,0,5
BRDA:21,2,0,7
BRDA:29,3,0,1
BRDA:35,4,0,6
BRDA:36,5,0,1
BRDA:41,6,0,5
BRDA:42,7,0,4
BRDA:42,8,0,2
BRDA:47,9,0,3
BRDA:52,10,0,1
BRDA:55,11,0,2
BRF:12
BRH:12
end_of_record
TN:
SF:src/modules/appointments/services/ListProviderDayAvailabilityService.ts
FN:20,ListProviderDayAvailabilityService
FN:25,Object.<anonymous>.ListProviderDayAvailabilityService.execute
FNF:2
FNH:2
FNDA:1,ListProviderDayAvailabilityService
FNDA:1,Object.<anonymous>.ListProviderDayAvailabilityService.execute
DA:1,1
DA:2,1
DA:3,1
DA:4,1
DA:5,1
DA:6,1
DA:7,1
DA:8,1
DA:9,1
DA:10,1
DA:11,1
DA:12,1
DA:13,1
DA:14,1
DA:15,1
DA:16,1
DA:17,1
DA:18,1
DA:19,1
DA:20,1
DA:21,1
DA:22,1
DA:23,1
DA:24,1
DA:25,1
DA:26,1
DA:27,1
DA:28,1
DA:29,1
DA:30,1
DA:31,1
DA:32,1
DA:33,1
DA:34,1
DA:35,1
DA:36,1
DA:37,1
DA:38,1
DA:39,1
DA:40,1
DA:41,1
DA:42,1
DA:43,1
DA:44,1
DA:45,1
DA:46,1
DA:47,1
DA:48,1
DA:49,1
DA:50,10
DA:51,10
DA:52,10
DA:53,10
DA:54,10
DA:55,10
DA:56,10
DA:57,10
DA:58,10
DA:59,10
DA:60,10
DA:61,1
DA:62,1
DA:63,1
DA:64,1
DA:65,1
DA:66,1
DA:67,1
LF:67
LH:67
BRDA:19,0,0,1
BRDA:20,1,0,1
BRDA:25,2,0,1
BRDA:31,3,0,1
BRDA:44,4,0,10
BRDA:49,5,0,10
BRDA:59,6,0,8
BRDA:51,7,0,19
BRF:8
BRH:8
end_of_record
TN:
SF:src/modules/appointments/services/ListProviderMonthAvailabilityService.ts
FN:19,ListProviderMonthAvailabilityService
FN:24,Object.<anonymous>.ListProviderMonthAvailabilityService.execute
FNF:2
FNH:2
FNDA:1,ListProviderMonthAvailabilityService
FNDA:1,Object.<anonymous>.ListProviderMonthAvailabilityService.execute
DA:1,1
DA:2,1
DA:3,1
DA:4,1
DA:5,1
DA:6,1
DA:7,1
DA:8,1
DA:9,1
DA:10,1
DA:11,1
DA:12,1
DA:13,1
DA:14,1
DA:15,1
DA:16,1
DA:17,1
DA:18,1
DA:19,1
DA:20,1
DA:21,1
DA:22,1
DA:23,1
DA:24,1
DA:25,1
DA:26,1
DA:27,1
DA:28,1
DA:29,1
DA:30,1
DA:31,1
DA:32,1
DA:33,1
DA:34,1
DA:35,1
DA:36,1
DA:37,1
DA:38,1
DA:39,1
DA:40,1
DA:41,1
DA:42,1
DA:43,1
DA:44,1
DA:45,1
DA:46,1
DA:47,31
DA:48,341
DA:49,31
DA:50,31
DA:51,31
DA:52,31
DA:53,31
DA:54,31
DA:55,1
DA:56,1
DA:57,1
DA:58,1
DA:59,1
DA:60,1
DA:61,1
LF:61
LH:61
BRDA:18,0,0,1
BRDA:19,1,0,1
BRDA:24,2,0,1
BRDA:29,3,0,1
BRDA:43,4,0,31
BRDA:46,5,0,31
BRDA:47,6,0,341
BRF:7
BRH:7
end_of_record
TN:
SF:src/modules/appointments/services/ListProvidersService.ts
FN:12,ListProvidersService
FN:17,Object.<anonymous>.ListProvidersService.execute
FNF:2
FNH:2
FNDA:1,ListProvidersService
FNDA:1,Object.<anonymous>.ListProvidersService.execute
DA:1,1
DA:2,1
DA:3,1
DA:4,1
DA:5,1
DA:6,1
DA:7,1
DA:8,1
DA:9,1
DA:10,1
DA:11,1
DA:12,1
DA:13,1
DA:14,1
DA:15,1
DA:16,1
DA:17,1
DA:18,1
DA:19,1
DA:20,1
DA:21,1
DA:22,1
DA:23,1
DA:24,1
DA:25,1
DA:26,1
LF:26
LH:26
BRDA:11,0,0,1
BRDA:12,1,0,1
BRDA:17,2,0,1
BRDA:18,3,0,1
BRF:4
BRH:4
end_of_record
TN:
SF:src/modules/users/services/AuthenticateUserService.ts
FN:20,AuthenticateUserService
FN:25,Object.<anonymous>.AuthenticateUserService.execute
FNF:2
FNH:2
FNDA:3,AuthenticateUserService
FNDA:3,Object.<anonymous>.AuthenticateUserService.execute
DA:1,1
DA:2,1
DA:3,1
DA:4,1
DA:5,1
DA:6,1
DA:7,1
DA:8,1
DA:9,1
DA:10,1
DA:11,1
DA:12,1
DA:13,1
DA:14,1
DA:15,1
DA:16,1
DA:17,1
DA:18,1
DA:19,1
DA:20,1
DA:21,3
DA:22,3
DA:23,1
DA:24,1
DA:25,1
DA:26,3
DA:27,3
DA:28,3
DA:29,1
DA:30,1
DA:31,2
DA:32,2
DA:33,2
DA:34,2
DA:35,2
DA:36,3
DA:37,3
DA:38,1
DA:39,1
DA:40,1
DA:41,1
DA:42,1
DA:43,1
DA:44,1
DA:45,1
DA:46,1
DA:47,3
DA:48,1
DA:49,1
DA:50,1
LF:50
LH:50
BRDA:19,0,0,1
BRDA:20,1,0,3
BRDA:25,2,0,3
BRDA:26,3,0,3
BRDA:28,4,0,1
BRDA:31,5,0,2
BRDA:37,6,0,1
BRF:7
BRH:7
end_of_record
TN:
SF:src/modules/users/services/CreateUserService.ts
FN:15,CreateUserService
FN:22,Object.<anonymous>.CreateUserService.execute
FNF:2
FNH:2
FNDA:5,CreateUserService
FNDA:5,Object.<anonymous>.CreateUserService.execute
DA:1,1
DA:2,1
DA:3,1
DA:4,1
DA:5,1
DA:6,1
DA:7,1
DA:8,1
DA:9,1
DA:10,1
DA:11,1
DA:12,1
DA:13,1
DA:14,2
DA:15,2
DA:16,5
DA:17,5
DA:18,5
DA:19,5
DA:20,5
DA:21,2
DA:22,2
DA:23,5
DA:24,5
DA:25,5
DA:26,1
DA:27,1
DA:28,4
DA:29,4
DA:30,5
DA:31,5
DA:32,5
DA:33,5
DA:34,5
DA:35,5
DA:36,5
DA:37,5
DA:38,2
DA:39,1
DA:40,1
LF:40
LH:40
BRDA:14,0,0,2
BRDA:15,1,0,5
BRDA:22,2,0,5
BRDA:23,3,0,5
BRDA:25,4,0,1
BRDA:28,5,0,4
BRF:6
BRH:6
end_of_record
TN:
SF:src/modules/users/services/ResetPasswordService.ts
FN:17,ResetPasswordService
FN:28,Object.<anonymous>.ResetPasswordService.execute
FNF:2
FNH:2
FNDA:4,ResetPasswordService
FNDA:4,Object.<anonymous>.ResetPasswordService.execute
DA:1,1
DA:2,1
DA:3,1
DA:4,1
DA:5,1
DA:6,1
DA:7,1
DA:8,1
DA:9,1
DA:10,1
DA:11,1
DA:12,1
DA:13,1
DA:14,1
DA:15,1
DA:16,1
DA:17,1
DA:18,4
DA:19,4
DA:20,4
DA:21,4
DA:22,4
DA:23,4
DA:24,4
DA:25,4
DA:26,1
DA:27,1
DA:28,1
DA:29,4
DA:30,4
DA:31,4
DA:32,1
DA:33,1
DA:34,3
DA:35,3
DA:36,4
DA:37,4
DA:38,1
DA:39,1
DA:40,2
DA:41,2
DA:42,2
DA:43,2
DA:44,4
DA:45,1
DA:46,1
DA:47,1
DA:48,4
DA:49,4
DA:50,4
DA:51,1
DA:52,1
DA:53,1
LF:53
LH:53
BRDA:16,0,0,1
BRDA:17,1,0,4
BRDA:28,2,0,4
BRDA:29,3,0,4
BRDA:31,4,0,1
BRDA:34,5,0,3
BRDA:37,6,0,1
BRDA:40,7,0,2
BRDA:44,8,0,1
BRF:9
BRH:9
end_of_record
TN:
SF:src/modules/users/services/SendForgotPasswordEmailService.ts
FN:14,sendForgotPasswordEmailService
FN:26,Object.<anonymous>.sendForgotPasswordEmailService.execute
FNF:2
FNH:2
FNDA:3,sendForgotPasswordEmailService
FNDA:3,Object.<anonymous>.sendForgotPasswordEmailService.execute
DA:1,1
DA:2,1
DA:3,1
DA:4,1
DA:5,1
DA:6,1
DA:7,1
DA:8,1
DA:9,1
DA:10,1
DA:11,1
DA:12,1
DA:13,1
DA:14,1
DA:15,3
DA:16,3
DA:17,3
DA:18,3
DA:19,3
DA:20,3
DA:21,3
DA:22,3
DA:23,1
DA:24,1
DA:25,1
DA:26,1
DA:27,3
DA:28,3
DA:29,3
DA:30,1
DA:31,1
DA:32,2
DA:33,3
DA:34,3
DA:35,3
DA:36,3
DA:37,3
DA:38,3
DA:39,3
DA:40,3
DA:41,3
DA:42,3
DA:43,3
DA:44,3
DA:45,3
DA:46,3
DA:47,3
DA:48,3
DA:49,3
DA:50,3
DA:51,3
DA:52,3
DA:53,3
DA:54,3
DA:55,1
DA:56,1
DA:57,1
LF:57
LH:57
BRDA:13,0,0,1
BRDA:14,1,0,3
BRDA:26,2,0,3
BRDA:27,3,0,3
BRDA:29,4,0,1
BRDA:32,5,0,2
BRF:6
BRH:6
end_of_record
TN:
SF:src/modules/users/services/ShowProfileService.ts
FN:14,ShowProfileService
FN:19,Object.<anonymous>.ShowProfileService.execute
FNF:2
FNH:2
FNDA:2,ShowProfileService
FNDA:2,Object.<anonymous>.ShowProfileService.execute
DA:1,1
DA:2,1
DA:3,1
DA:4,1
DA:5,1
DA:6,1
DA:7,1
DA:8,1
DA:9,1
DA:10,1
DA:11,1
DA:12,1
DA:13,1
DA:14,1
DA:15,2
DA:16,2
DA:17,2
DA:18,1
DA:19,1
DA:20,2
DA:21,2
DA:22,2
DA:23,1
DA:24,1
DA:25,1
DA:26,1
DA:27,2
DA:28,1
DA:29,1
DA:30,1
LF:30
LH:30
BRDA:13,0,0,1
BRDA:14,1,0,2
BRDA:19,2,0,2
BRDA:20,3,0,2
BRDA:22,4,0,1
BRF:5
BRH:5
end_of_record
TN:
SF:src/modules/users/services/UpdateProfileService.ts
FN:19,UpdateProfileService
FN:27,Object.<anonymous>.UpdateProfileService.execute
FNF:2
FNH:2
FNDA:6,UpdateProfileService
FNDA:6,Object.<anonymous>.UpdateProfileService.execute
DA:1,1
DA:2,1
DA:3,1
DA:4,1
DA:5,1
DA:6,1
DA:7,1
DA:8,1
DA:9,1
DA:10,1
DA:11,1
DA:12,1
DA:13,1
DA:14,1
DA:15,1
DA:16,1
DA:17,1
DA:18,1
DA:19,1
DA:20,6
DA:21,6
DA:22,6
DA:23,6
DA:24,6
DA:25,1
DA:26,1
DA:27,1
DA:28,6
DA:29,6
DA:30,6
DA:31,6
DA:32,6
DA:33,6
DA:34,6
DA:35,6
DA:36,6
DA:37,1
DA:38,1
DA:39,5
DA:40,5
DA:41,5
DA:42,5
DA:43,6
DA:44,6
DA:45,1
DA:46,1
DA:47,4
DA:48,4
DA:49,4
DA:50,4
DA:51,6
DA:52,1
DA:53,1
DA:54,1
DA:55,1
DA:56,3
DA:57,6
DA:58,2
DA:59,2
DA:60,2
DA:61,2
DA:62,6
DA:63,6
DA:64,1
DA:65,1
DA:66,1
DA:67,1
DA:68,6
DA:69,6
DA:70,6
DA:71,6
DA:72,1
DA:73,1
DA:74,1
LF:74
LH:74
BRDA:18,0,0,1
BRDA:19,1,0,6
BRDA:27,2,0,6
BRDA:34,3,0,6
BRDA:36,4,0,1
BRDA:39,5,0,5
BRDA:44,6,0,1
BRDA:44,7,0,1
BRDA:47,8,0,4
BRDA:51,9,0,3
BRDA:51,10,0,1
BRDA:56,11,0,3
BRDA:57,12,0,2
BRDA:57,13,0,1
BRDA:57,14,0,2
BRDA:63,15,0,1
BRDA:70,16,0,2
BRF:17
BRH:17
end_of_record
TN:
SF:src/modules/users/services/UpdateUserAvatarService.ts
FN:15,UpdateUserAvatarService
FN:20,Object.<anonymous>.UpdateUserAvatarService.execute
FNF:2
FNH:2
FNDA:3,UpdateUserAvatarService
FNDA:4,Object.<anonymous>.UpdateUserAvatarService.execute
DA:1,1
DA:2,1
DA:3,1
DA:4,1
DA:5,1
DA:6,1
DA:7,1
DA:8,1
DA:9,1
DA:10,1
DA:11,1
DA:12,1
DA:13,1
DA:14,1
DA:15,1
DA:16,3
DA:17,3
DA:18,1
DA:19,1
DA:20,1
DA:21,4
DA:22,4
DA:23,4
DA:24,1
DA:25,1
DA:26,1
DA:27,1
DA:28,1
DA:29,3
DA:30,3
DA:31,1
DA:32,4
DA:33,4
DA:34,4
DA:35,4
DA:36,4
DA:37,4
DA:38,4
DA:39,4
DA:40,4
DA:41,1
DA:42,1
DA:43,1
LF:43
LH:43
BRDA:14,0,0,1
BRDA:15,1,0,3
BRDA:20,2,0,4
BRDA:21,3,0,4
BRDA:23,4,0,1
BRDA:29,5,0,3
BRDA:30,6,0,2
BRDA:30,7,0,1
BRDA:33,8,0,3
BRF:9
BRH:9
end_of_record
